<?xml version="1.0" encoding="UTF-8"?>
<!-- Generated by org.testng.reporters.JUnitReportReporter -->
<testsuite hostname="LAPTOP-5OB21TOV" failures="0" tests="3" name="TestSuites.AllAssignedCases" time="4.367" errors="0" timestamp="25 May 2021 16:35:56 GMT" skipped="1">
  <testcase classname="TestSuites.AllAssignedCases" name="LoginAsAdmin" time="0.865"/>
  <testcase classname="TestSuites.AllAssignedCases" name="FilterCusFromTillToDate" time="3.502"/>
  <testcase classname="TestSuites.AllAssignedCases" name="AddNewCustomer">
    <skipped/>
  </testcase> <!-- AddNewCustomer -->
</testsuite> <!-- TestSuites.AllAssignedCases -->
