<?xml version="1.0" encoding="UTF-8"?>
<!-- Generated by org.testng.reporters.JUnitReportReporter -->
<testsuite hostname="LAPTOP-5OB21TOV" failures="0" tests="5" name="TestSuites.TC001GenerateToken$TC005DataDriven" time="5.234" errors="0" timestamp="25 May 2021 11:49:22 GMT" skipped="0">
  <testcase classname="TestSuites.TC001GenerateToken$TC005DataDriven" name="AddNewCustomer" time="1.315"/>
  <testcase classname="TestSuites.TC001GenerateToken$TC005DataDriven" name="AddNewCustomer" time="0.694"/>
  <testcase classname="TestSuites.TC001GenerateToken$TC005DataDriven" name="AddNewCustomer" time="0.949"/>
  <testcase classname="TestSuites.TC001GenerateToken$TC005DataDriven" name="AddNewCustomer" time="1.302"/>
  <testcase classname="TestSuites.TC001GenerateToken$TC005DataDriven" name="AddNewCustomer" time="0.974"/>
</testsuite> <!-- TestSuites.TC001GenerateToken$TC005DataDriven -->
