<?xml version="1.0" encoding="UTF-8"?>
<!-- Generated by org.testng.reporters.JUnitReportReporter -->
<testsuite hostname="LAPTOP-5OB21TOV" failures="0" tests="1" name="TestSuites.TC001GenerateToken" time="0.981" errors="0" timestamp="25 May 2021 11:49:22 GMT" skipped="0">
  <testcase classname="TestSuites.TC001GenerateToken" name="LoginAsAdmin" time="0.981"/>
</testsuite> <!-- TestSuites.TC001GenerateToken -->
